<?xml version="1.0" encoding="UTF-8"?>
<!-- Generated by org.testng.reporters.JUnitReportReporter -->
<testsuite skipped="0" hostname="DESKTOP-2SKNHE6" name="org.task.DataDrivenTestNG.TestNGDataProviderClass" tests="2" failures="0" timestamp="15 May 2018 14:05:27 GMT" time="0.015" errors="0">
  <testcase name="test1" time="0.002" classname="org.task.DataDrivenTestNG.TestNGDataProviderClass"/>
  <testcase name="test1" time="0.013" classname="org.task.DataDrivenTestNG.TestNGDataProviderClass"/>
</testsuite> <!-- org.task.DataDrivenTestNG.TestNGDataProviderClass -->
